<?xml version="1.0" encoding="UTF-8"?>
<!-- Generated by org.testng.reporters.JUnitXMLReporter -->
<testsuite ignored="13" hostname="LAPTOP-QKCURUKN" failures="0" tests="1" name="Default test" time="45.634" errors="0" timestamp="2024-02-17T19:12:53 IST">
  <testcase classname="com.quantum.BookWorkshop" name="Validationforemail" time="45.477"/>
  <testcase classname="com.quantum.BookWorkshop" name="setUp" time="0.0">
    <ignored/>
  </testcase> <!-- setUp -->
  <testcase classname="com.quantum.BookWorkshop" name="Gradesfrom1to7arelisted" time="0.0">
    <ignored/>
  </testcase> <!-- Gradesfrom1to7arelisted -->
  <testcase classname="com.quantum.BookWorkshop" name="Ensureformatoffee" time="0.0">
    <ignored/>
  </testcase> <!-- Ensureformatoffee -->
  <testcase classname="com.quantum.BookWorkshop" name="Presenceofworkshopform" time="0.0">
    <ignored/>
  </testcase> <!-- Presenceofworkshopform -->
  <testcase classname="com.quantum.BookWorkshop" name="Validinformation" time="0.0">
    <ignored/>
  </testcase> <!-- Validinformation -->
  <testcase classname="com.quantum.BookWorkshop" name="Verifydisplayofworkshopfees" time="0.0">
    <ignored/>
  </testcase> <!-- Verifydisplayofworkshopfees -->
  <testcase classname="com.quantum.BookWorkshop" name="Verifytheresponsivenessofthebanner" time="0.0">
    <ignored/>
  </testcase> <!-- Verifytheresponsivenessofthebanner -->
  <testcase classname="com.quantum.BookWorkshop" name="Checkfeebasedongrade" time="0.0">
    <ignored/>
  </testcase> <!-- Checkfeebasedongrade -->
  <testcase classname="com.quantum.BookWorkshop" name="Presenceofthebanner" time="0.0">
    <ignored/>
  </testcase> <!-- Presenceofthebanner -->
  <testcase classname="com.quantum.BookWorkshop" name="Validatdefaulgrade" time="0.0">
    <ignored/>
  </testcase> <!-- Validatdefaulgrade -->
  <testcase classname="com.quantum.BookWorkshop" name="Emptyform" time="0.0">
    <ignored/>
  </testcase> <!-- Emptyform -->
  <testcase classname="com.quantum.BookWorkshop" name="Bannercontainsinformation" time="0.0">
    <ignored/>
  </testcase> <!-- Bannercontainsinformation -->
  <testcase classname="com.quantum.BookWorkshop" name="Confirmonegradeselected" time="0.0">
    <ignored/>
  </testcase> <!-- Confirmonegradeselected -->
</testsuite> <!-- Default test -->
