<?xml version="1.0" encoding="UTF-8"?>
<testng-results ignored="0" total="6" passed="6" failed="0" skipped="0">
  <reporter-output>
  </reporter-output>
  <suite started-at="2024-02-08T18:08:20 IST" name="Default suite" finished-at="2024-02-08T18:08:56 IST" duration-ms="35476">
    <groups>
    </groups>
    <test started-at="2024-02-08T18:08:20 IST" name="Default test" finished-at="2024-02-08T18:08:56 IST" duration-ms="35476">
      <class name="com.quantum.Header">
        <test-method is-config="true" signature="setUp()[pri:0, instance:com.quantum.Header@1af1347d]" started-at="2024-02-08T18:08:15 IST" name="setUp" finished-at="2024-02-08T18:08:20 IST" duration-ms="5064" status="PASS">
          <reporter-output>
          </reporter-output>
        </test-method> <!-- setUp -->
        <test-method signature="setUp()[pri:1, instance:com.quantum.Header@1af1347d]" started-at="2024-02-08T18:08:20 IST" name="setUp" finished-at="2024-02-08T18:08:25 IST" duration-ms="4247" status="PASS">
          <reporter-output>
          </reporter-output>
        </test-method> <!-- setUp -->
        <test-method signature="LogoVisibilityTest()[pri:2, instance:com.quantum.Header@1af1347d]" started-at="2024-02-08T18:08:25 IST" name="LogoVisibilityTest" finished-at="2024-02-08T18:08:31 IST" duration-ms="6329" status="PASS">
          <reporter-output>
          </reporter-output>
        </test-method> <!-- LogoVisibilityTest -->
        <test-method signature="LogoLinkTest()[pri:3, instance:com.quantum.Header@1af1347d]" started-at="2024-02-08T18:08:31 IST" name="LogoLinkTest" finished-at="2024-02-08T18:08:37 IST" duration-ms="6173" status="PASS">
          <reporter-output>
          </reporter-output>
        </test-method> <!-- LogoLinkTest -->
        <test-method signature="HomeLinkTest()[pri:4, instance:com.quantum.Header@1af1347d]" started-at="2024-02-08T18:08:37 IST" name="HomeLinkTest" finished-at="2024-02-08T18:08:43 IST" duration-ms="6123" status="PASS">
          <reporter-output>
          </reporter-output>
        </test-method> <!-- HomeLinkTest -->
        <test-method signature="BookWorkshopLinkTest()[pri:5, instance:com.quantum.Header@1af1347d]" started-at="2024-02-08T18:08:43 IST" name="BookWorkshopLinkTest" finished-at="2024-02-08T18:08:50 IST" duration-ms="6250" status="PASS">
          <reporter-output>
          </reporter-output>
        </test-method> <!-- BookWorkshopLinkTest -->
        <test-method signature="TestimonialsLinkTest()[pri:6, instance:com.quantum.Header@1af1347d]" started-at="2024-02-08T18:08:50 IST" name="TestimonialsLinkTest" finished-at="2024-02-08T18:08:56 IST" duration-ms="6237" status="PASS">
          <reporter-output>
          </reporter-output>
        </test-method> <!-- TestimonialsLinkTest -->
        <test-method is-config="true" signature="teardown()[pri:0, instance:com.quantum.Header@1af1347d]" started-at="2024-02-08T18:08:56 IST" name="teardown" finished-at="2024-02-08T18:08:56 IST" duration-ms="300" status="PASS">
          <reporter-output>
          </reporter-output>
        </test-method> <!-- teardown -->
      </class> <!-- com.quantum.Header -->
    </test> <!-- Default test -->
  </suite> <!-- Default suite -->
</testng-results>
