<?xml version="1.0" encoding="UTF-8"?>
<testng-results ignored="0" total="1" passed="1" failed="0" skipped="0">
  <reporter-output>
  </reporter-output>
  <suite started-at="2024-02-17T19:12:08 IST" name="Default suite" finished-at="2024-02-17T19:12:53 IST" duration-ms="45634">
    <groups>
    </groups>
    <test started-at="2024-02-17T19:12:08 IST" name="Default test" finished-at="2024-02-17T19:12:53 IST" duration-ms="45634">
      <class name="com.quantum.BookWorkshop">
        <test-method is-config="true" signature="setUp()[pri:0, instance:com.quantum.BookWorkshop@77e2a6e2]" started-at="2024-02-17T19:11:57 IST" name="setUp" finished-at="2024-02-17T19:12:08 IST" duration-ms="10184" status="PASS">
          <reporter-output>
          </reporter-output>
        </test-method> <!-- setUp -->
        <test-method signature="Validationforemail()[pri:14, instance:com.quantum.BookWorkshop@77e2a6e2]" started-at="2024-02-17T19:12:08 IST" name="Validationforemail" finished-at="2024-02-17T19:12:53 IST" duration-ms="45477" status="PASS">
          <reporter-output>
          </reporter-output>
        </test-method> <!-- Validationforemail -->
        <test-method is-config="true" signature="teardown()[pri:0, instance:com.quantum.BookWorkshop@77e2a6e2]" started-at="2024-02-17T19:12:53 IST" name="teardown" finished-at="2024-02-17T19:12:54 IST" duration-ms="413" status="PASS">
          <reporter-output>
          </reporter-output>
        </test-method> <!-- teardown -->
      </class> <!-- com.quantum.BookWorkshop -->
    </test> <!-- Default test -->
  </suite> <!-- Default suite -->
</testng-results>
